<?xml version="1.0" encoding="UTF-8"?>
<!-- Generated by org.testng.reporters.JUnitReportReporter -->
<testsuite hostname="DESKTOP-3N0O4DU" failures="0" tests="1" name="com.actitime.testscript.CreateModule" time="0.010" errors="0" timestamp="2024-01-08T17:01:59 IST" skipped="0">
  <testcase classname="com.actitime.testscript.CreateModule" name="CreateCustomer" time="0.010"/>
  <system-out>
    <![CDATA[CreateCustomer]]>
  </system-out>
</testsuite> <!-- com.actitime.testscript.CreateModule -->
